<?xml version="1.0" encoding="UTF-8"?>
<testsuite name="chapter03.domain.CarTest" tests="1" skipped="0" failures="0" errors="0" timestamp="2021-11-19T02:29:12" hostname="Roachui-MacBookPro.local" time="0.021">
  <properties/>
  <testcase name="engineIsStartedWithCarStarts()" classname="chapter03.domain.CarTest" time="0.021"/>
  <system-out><![CDATA[]]></system-out>
  <system-err><![CDATA[]]></system-err>
</testsuite>
